<?xml version="1.0" encoding="UTF-8"?>
<!-- Generated by org.testng.reporters.JUnitXMLReporter -->
<testsuite ignored="0" hostname="DESKTOP-49S7QMJ" failures="1" tests="1" name="Default test" time="3.949" errors="0" timestamp="2024-01-30T17:18:12 EST">
  <testcase classname="io.cucumber.testng.AbstractTestNGCucumberTests" name="runScenario" time="0.674">
    <failure type="java.lang.NullPointerException" message="Cannot invoke &amp;quot;api.Endpoints.CreateUser.setUp()&amp;quot; because &amp;quot;this.log_Request&amp;quot; is null">
      <![CDATA[java.lang.NullPointerException: Cannot invoke "api.Endpoints.CreateUser.setUp()" because "this.log_Request" is null
at api.Stepdefinitions.Login_StepDefinitions.user_creates_request_for_the_account_api_from_excel_sheet(Login_StepDefinitions.java:22)
at ✽.User creates request for the Account API from Excel sheet "Sheet1" 0(file:///C:/Users/mahaj/Desktop/RestAssured/BookApiCucmber_Framework2/src/test/resources/feature/login.feature:5)
]]>
    </failure>
  </testcase> <!-- runScenario -->
</testsuite> <!-- Default test -->
