<?xml version="1.0" encoding="UTF-8"?>
<testng-results ignored="0" total="1" passed="0" failed="1" skipped="0">
  <reporter-output>
  </reporter-output>
  <suite started-at="2024-01-30T17:18:08 EST" name="Default suite" finished-at="2024-01-30T17:18:12 EST" duration-ms="3949">
    <groups>
      <group name="cucumber">
        <method signature="AbstractTestNGCucumberTests.runScenario(io.cucumber.testng.PickleWrapper,io.cucumber.testng.FeatureWrapper)[pri:0, instance:api.testrunner.RunnerFile@2a693f59]" name="runScenario" class="io.cucumber.testng.AbstractTestNGCucumberTests"/>
      </group> <!-- cucumber -->
    </groups>
    <test started-at="2024-01-30T17:18:08 EST" name="Default test" finished-at="2024-01-30T17:18:12 EST" duration-ms="3949">
      <class name="api.testrunner.RunnerFile">
        <test-method is-config="true" signature="setUpClass(org.testng.ITestContext)[pri:0, instance:api.testrunner.RunnerFile@2a693f59]" started-at="2024-01-30T17:18:08 EST" name="setUpClass" finished-at="2024-01-30T17:18:09 EST" duration-ms="662" status="PASS">
          <params>
            <param index="0">
              <value>
                <![CDATA[org.testng.TestRunner@195498aa]]>
              </value>
            </param>
          </params>
          <reporter-output>
          </reporter-output>
        </test-method> <!-- setUpClass -->
        <test-method signature="runScenario(io.cucumber.testng.PickleWrapper,io.cucumber.testng.FeatureWrapper)[pri:0, instance:api.testrunner.RunnerFile@2a693f59]" started-at="2024-01-30T17:18:09 EST" name="runScenario" description="Runs Cucumber Scenarios" data-provider="scenarios" finished-at="2024-01-30T17:18:09 EST" duration-ms="674" status="FAIL">
          <params>
            <param index="0">
              <value>
                <![CDATA["check user is able to create user for Account Module by using valid endpoint and request body"]]>
              </value>
            </param>
            <param index="1">
              <value>
                <![CDATA["Optional[Login using User Account Credentials]"]]>
              </value>
            </param>
          </params>
          <exception class="java.lang.NullPointerException">
            <message>
              <![CDATA[Cannot invoke "api.Endpoints.CreateUser.setUp()" because "this.log_Request" is null]]>
            </message>
            <full-stacktrace>
              <![CDATA[java.lang.NullPointerException: Cannot invoke "api.Endpoints.CreateUser.setUp()" because "this.log_Request" is null
at api.Stepdefinitions.Login_StepDefinitions.user_creates_request_for_the_account_api_from_excel_sheet(Login_StepDefinitions.java:22)
at ✽.User creates request for the Account API from Excel sheet "Sheet1" 0(file:///C:/Users/mahaj/Desktop/RestAssured/BookApiCucmber_Framework2/src/test/resources/feature/login.feature:5)
]]>
            </full-stacktrace>
          </exception> <!-- java.lang.NullPointerException -->
          <reporter-output>
          </reporter-output>
        </test-method> <!-- runScenario -->
        <test-method is-config="true" signature="tearDownClass()[pri:0, instance:api.testrunner.RunnerFile@2a693f59]" started-at="2024-01-30T17:18:09 EST" name="tearDownClass" finished-at="2024-01-30T17:18:12 EST" duration-ms="2579" status="PASS">
          <reporter-output>
          </reporter-output>
        </test-method> <!-- tearDownClass -->
      </class> <!-- api.testrunner.RunnerFile -->
    </test> <!-- Default test -->
  </suite> <!-- Default suite -->
</testng-results>
