<?xml version="1.0" encoding="UTF-8"?>
<!-- Generated by org.testng.reporters.JUnitReportReporter -->
<testsuite hostname="DESKTOP-49S7QMJ" failures="0" tests="1" name="api.testrunner.RunnerFile" time="0.674" errors="1" timestamp="2024-01-30T17:18:12 EST" skipped="0">
  <testcase classname="api.testrunner.RunnerFile" name="runScenario" time="0.674">
    <error message="Cannot invoke &quot;api.Endpoints.CreateUser.setUp()&quot; because &quot;this.log_Request&quot; is null" type="java.lang.NullPointerException">
      <![CDATA[java.lang.NullPointerException: Cannot invoke "api.Endpoints.CreateUser.setUp()" because "this.log_Request" is null
at api.Stepdefinitions.Login_StepDefinitions.user_creates_request_for_the_account_api_from_excel_sheet(Login_StepDefinitions.java:22)
at ✽.User creates request for the Account API from Excel sheet "Sheet1" 0(file:///C:/Users/mahaj/Desktop/RestAssured/BookApiCucmber_Framework2/src/test/resources/feature/login.feature:5)
]]>
    </error>
  </testcase> <!-- runScenario -->
  <system-out/>
</testsuite> <!-- api.testrunner.RunnerFile -->
